[debug] [2022-01-27T12:17:21.660Z] ----------------------------------------------------------------------
[debug] [2022-01-27T12:17:21.662Z] Command:       C:\Program Files\nodejs\node.exe C:\Users\shimonl\AppData\Roaming\npm\node_modules\firebase-tools\lib\bin\firebase.js init
[debug] [2022-01-27T12:17:21.663Z] CLI Version:   10.1.2
[debug] [2022-01-27T12:17:21.663Z] Platform:      win32
[debug] [2022-01-27T12:17:21.663Z] Node Version:  v16.13.1
[debug] [2022-01-27T12:17:21.664Z] Time:          Thu Jan 27 2022 14:17:21 GMT+0200 (Israel Standard Time)
[debug] [2022-01-27T12:17:21.665Z] ----------------------------------------------------------------------
[debug] 
[debug] [2022-01-27T12:17:21.735Z] > command requires scopes: ["email","openid","https://www.googleapis.com/auth/cloudplatformprojects.readonly","https://www.googleapis.com/auth/firebase","https://www.googleapis.com/auth/cloud-platform"]
[debug] [2022-01-27T12:17:21.736Z] > authorizing via signed-in user (lshimon@ravtech.co.il)
[info] 
     ######## #### ########  ######## ########     ###     ######  ########
     ##        ##  ##     ## ##       ##     ##  ##   ##  ##       ##
     ######    ##  ########  ######   ########  #########  ######  ######
     ##        ##  ##    ##  ##       ##     ## ##     ##       ## ##
     ##       #### ##     ## ######## ########  ##     ##  ######  ########

You're about to initialize a Firebase project in this directory:

  C:\Users\shimonl\Desktop\my-app

Before we get started, keep in mind:

  * You are initializing within an existing Firebase project directory

